<?xml version="1.0" encoding="UTF-8"?>
<coverage generated="1720509535168" clover="3.2.0">
  <project timestamp="1720509535168" name="All files">
    <metrics statements="39" coveredstatements="33" conditionals="10" coveredconditionals="4" methods="18" coveredmethods="14" elements="67" coveredelements="51" complexity="0" loc="39" ncloc="39" packages="1" files="3" classes="3"/>
    <file name="ProductPage.jsx" path="/Users/manavtanna/Desktop/react-ecommerce/react-ecommerce-app/src/ProductPage.jsx">
      <metrics statements="15" coveredstatements="12" conditionals="6" coveredconditionals="2" methods="6" coveredmethods="4"/>
      <line num="7" count="1" type="stmt"/>
      <line num="8" count="2" type="stmt"/>
      <line num="9" count="4" type="stmt"/>
      <line num="10" count="2" type="cond" truecount="1" falsecount="1"/>
      <line num="11" count="2" type="stmt"/>
      <line num="13" count="2" type="stmt"/>
      <line num="14" count="2" type="stmt"/>
      <line num="16" count="2" type="cond" truecount="1" falsecount="1"/>
      <line num="17" count="0" type="stmt"/>
      <line num="20" count="2" type="stmt"/>
      <line num="21" count="1" type="stmt"/>
      <line num="22" count="1" type="stmt"/>
      <line num="25" count="2" type="stmt"/>
      <line num="34" count="0" type="cond" truecount="0" falsecount="2"/>
      <line num="36" count="0" type="stmt"/>
    </file>
    <file name="cartSlice.js" path="/Users/manavtanna/Desktop/react-ecommerce/react-ecommerce-app/src/cartSlice.js">
      <metrics statements="12" coveredstatements="11" conditionals="4" coveredconditionals="2" methods="7" coveredmethods="6"/>
      <line num="4" count="2" type="stmt"/>
      <line num="8" count="2" type="stmt"/>
      <line num="13" count="1" type="stmt"/>
      <line num="14" count="1" type="cond" truecount="1" falsecount="1"/>
      <line num="15" count="0" type="stmt"/>
      <line num="17" count="1" type="stmt"/>
      <line num="21" count="1" type="stmt"/>
      <line num="22" count="1" type="cond" truecount="1" falsecount="1"/>
      <line num="23" count="1" type="stmt"/>
      <line num="27" count="1" type="stmt"/>
      <line num="30" count="1" type="stmt"/>
      <line num="35" count="2" type="stmt"/>
    </file>
    <file name="productsSlice.js" path="/Users/manavtanna/Desktop/react-ecommerce/react-ecommerce-app/src/productsSlice.js">
      <metrics statements="12" coveredstatements="10" conditionals="0" coveredconditionals="0" methods="5" coveredmethods="4"/>
      <line num="4" count="1" type="stmt"/>
      <line num="10" count="1" type="stmt"/>
      <line num="11" count="1" type="stmt"/>
      <line num="22" count="1" type="stmt"/>
      <line num="23" count="1" type="stmt"/>
      <line num="26" count="1" type="stmt"/>
      <line num="31" count="1" type="stmt"/>
      <line num="33" count="1" type="stmt"/>
      <line num="36" count="1" type="stmt"/>
      <line num="37" count="1" type="stmt"/>
      <line num="40" count="0" type="stmt"/>
      <line num="41" count="0" type="stmt"/>
    </file>
  </project>
</coverage>
