{"/Users/manavtanna/Desktop/react-ecommerce/react-ecommerce-app/src/ProductPage.jsx": {"path":"/Users/manavtanna/Desktop/react-ecommerce/react-ecommerce-app/src/ProductPage.jsx","statementMap":{"0":{"start":{"line":7,"column":20},"end":{"line":45,"column":1}},"1":{"start":{"line":8,"column":24},"end":{"line":8,"column":35}},"2":{"start":{"line":9,"column":27},"end":{"line":9,"column":71}},"3":{"start":{"line":9,"column":50},"end":{"line":9,"column":70}},"4":{"start":{"line":10,"column":19},"end":{"line":10,"column":50}},"5":{"start":{"line":11,"column":18},"end":{"line":11,"column":66}},"6":{"start":{"line":11,"column":37},"end":{"line":11,"column":65}},"7":{"start":{"line":13,"column":34},"end":{"line":13,"column":45}},"8":{"start":{"line":14,"column":19},"end":{"line":14,"column":32}},"9":{"start":{"line":16,"column":2},"end":{"line":18,"column":3}},"10":{"start":{"line":17,"column":4},"end":{"line":17,"column":36}},"11":{"start":{"line":20,"column":26},"end":{"line":23,"column":3}},"12":{"start":{"line":21,"column":4},"end":{"line":21,"column":50}},"13":{"start":{"line":22,"column":4},"end":{"line":22,"column":36}},"14":{"start":{"line":25,"column":2},"end":{"line":44,"column":4}},"15":{"start":{"line":34,"column":35},"end":{"line":34,"column":79}},"16":{"start":{"line":36,"column":35},"end":{"line":36,"column":60}}},"fnMap":{"0":{"name":"(anonymous_0)","decl":{"start":{"line":7,"column":20},"end":{"line":7,"column":21}},"loc":{"start":{"line":7,"column":26},"end":{"line":45,"column":1}},"line":7},"1":{"name":"(anonymous_1)","decl":{"start":{"line":9,"column":39},"end":{"line":9,"column":40}},"loc":{"start":{"line":9,"column":50},"end":{"line":9,"column":70}},"line":9},"2":{"name":"(anonymous_2)","decl":{"start":{"line":11,"column":32},"end":{"line":11,"column":33}},"loc":{"start":{"line":11,"column":37},"end":{"line":11,"column":65}},"line":11},"3":{"name":"(anonymous_3)","decl":{"start":{"line":20,"column":26},"end":{"line":20,"column":27}},"loc":{"start":{"line":20,"column":32},"end":{"line":23,"column":3}},"line":20},"4":{"name":"(anonymous_4)","decl":{"start":{"line":34,"column":29},"end":{"line":34,"column":30}},"loc":{"start":{"line":34,"column":35},"end":{"line":34,"column":79}},"line":34},"5":{"name":"(anonymous_5)","decl":{"start":{"line":36,"column":29},"end":{"line":36,"column":30}},"loc":{"start":{"line":36,"column":35},"end":{"line":36,"column":60}},"line":36}},"branchMap":{"0":{"loc":{"start":{"line":10,"column":19},"end":{"line":10,"column":50}},"type":"binary-expr","locations":[{"start":{"line":10,"column":19},"end":{"line":10,"column":44}},{"start":{"line":10,"column":48},"end":{"line":10,"column":50}}],"line":10},"1":{"loc":{"start":{"line":16,"column":2},"end":{"line":18,"column":3}},"type":"if","locations":[{"start":{"line":16,"column":2},"end":{"line":18,"column":3}},{"start":{},"end":{}}],"line":16},"2":{"loc":{"start":{"line":34,"column":47},"end":{"line":34,"column":78}},"type":"cond-expr","locations":[{"start":{"line":34,"column":62},"end":{"line":34,"column":74}},{"start":{"line":34,"column":77},"end":{"line":34,"column":78}}],"line":34}},"s":{"0":1,"1":2,"2":2,"3":4,"4":2,"5":2,"6":2,"7":2,"8":2,"9":2,"10":0,"11":2,"12":1,"13":1,"14":2,"15":0,"16":0},"f":{"0":2,"1":4,"2":2,"3":1,"4":0,"5":0},"b":{"0":[2,0],"1":[0,2],"2":[0,0]},"_coverageSchema":"1a1c01bbd47fc00a2c39e90264f33305004495a9","hash":"51a7a62ebdcf4f14af3421956c2aa0a7a9f41840"}
,"/Users/manavtanna/Desktop/react-ecommerce/react-ecommerce-app/src/cartSlice.js": {"path":"/Users/manavtanna/Desktop/react-ecommerce/react-ecommerce-app/src/cartSlice.js","statementMap":{"0":{"start":{"line":4,"column":21},"end":{"line":6,"column":1}},"1":{"start":{"line":8,"column":18},"end":{"line":33,"column":2}},"2":{"start":{"line":13,"column":19},"end":{"line":13,"column":74}},"3":{"start":{"line":13,"column":44},"end":{"line":13,"column":73}},"4":{"start":{"line":14,"column":6},"end":{"line":18,"column":7}},"5":{"start":{"line":15,"column":8},"end":{"line":15,"column":49}},"6":{"start":{"line":17,"column":8},"end":{"line":17,"column":83}},"7":{"start":{"line":21,"column":19},"end":{"line":21,"column":74}},"8":{"start":{"line":21,"column":44},"end":{"line":21,"column":73}},"9":{"start":{"line":22,"column":6},"end":{"line":24,"column":7}},"10":{"start":{"line":23,"column":8},"end":{"line":23,"column":48}},"11":{"start":{"line":27,"column":6},"end":{"line":27,"column":78}},"12":{"start":{"line":27,"column":47},"end":{"line":27,"column":76}},"13":{"start":{"line":30,"column":6},"end":{"line":30,"column":23}},"14":{"start":{"line":35,"column":72},"end":{"line":35,"column":89}}},"fnMap":{"0":{"name":"(anonymous_0)","decl":{"start":{"line":12,"column":15},"end":{"line":12,"column":16}},"loc":{"start":{"line":12,"column":34},"end":{"line":19,"column":5}},"line":12},"1":{"name":"(anonymous_1)","decl":{"start":{"line":13,"column":36},"end":{"line":13,"column":37}},"loc":{"start":{"line":13,"column":44},"end":{"line":13,"column":73}},"line":13},"2":{"name":"(anonymous_2)","decl":{"start":{"line":20,"column":20},"end":{"line":20,"column":21}},"loc":{"start":{"line":20,"column":39},"end":{"line":25,"column":5}},"line":20},"3":{"name":"(anonymous_3)","decl":{"start":{"line":21,"column":36},"end":{"line":21,"column":37}},"loc":{"start":{"line":21,"column":44},"end":{"line":21,"column":73}},"line":21},"4":{"name":"(anonymous_4)","decl":{"start":{"line":26,"column":20},"end":{"line":26,"column":21}},"loc":{"start":{"line":26,"column":39},"end":{"line":28,"column":5}},"line":26},"5":{"name":"(anonymous_5)","decl":{"start":{"line":27,"column":39},"end":{"line":27,"column":40}},"loc":{"start":{"line":27,"column":47},"end":{"line":27,"column":76}},"line":27},"6":{"name":"(anonymous_6)","decl":{"start":{"line":29,"column":15},"end":{"line":29,"column":16}},"loc":{"start":{"line":29,"column":26},"end":{"line":31,"column":5}},"line":29}},"branchMap":{"0":{"loc":{"start":{"line":14,"column":6},"end":{"line":18,"column":7}},"type":"if","locations":[{"start":{"line":14,"column":6},"end":{"line":18,"column":7}},{"start":{"line":16,"column":13},"end":{"line":18,"column":7}}],"line":14},"1":{"loc":{"start":{"line":22,"column":6},"end":{"line":24,"column":7}},"type":"if","locations":[{"start":{"line":22,"column":6},"end":{"line":24,"column":7}},{"start":{},"end":{}}],"line":22}},"s":{"0":2,"1":2,"2":1,"3":0,"4":1,"5":0,"6":1,"7":1,"8":1,"9":1,"10":1,"11":1,"12":1,"13":1,"14":2},"f":{"0":1,"1":0,"2":1,"3":1,"4":1,"5":1,"6":1},"b":{"0":[0,1],"1":[1,0]},"_coverageSchema":"1a1c01bbd47fc00a2c39e90264f33305004495a9","hash":"06af8cb1a92e1106dd62ba61d783aeaca2c2a59b"}
,"/Users/manavtanna/Desktop/react-ecommerce/react-ecommerce-app/src/productsSlice.js": {"path":"/Users/manavtanna/Desktop/react-ecommerce/react-ecommerce-app/src/productsSlice.js","statementMap":{"0":{"start":{"line":4,"column":21},"end":{"line":8,"column":1}},"1":{"start":{"line":10,"column":29},"end":{"line":24,"column":2}},"2":{"start":{"line":11,"column":19},"end":{"line":21,"column":4}},"3":{"start":{"line":22,"column":2},"end":{"line":22,"column":52}},"4":{"start":{"line":23,"column":2},"end":{"line":23,"column":23}},"5":{"start":{"line":26,"column":22},"end":{"line":44,"column":2}},"6":{"start":{"line":31,"column":4},"end":{"line":42,"column":9}},"7":{"start":{"line":33,"column":8},"end":{"line":33,"column":33}},"8":{"start":{"line":36,"column":8},"end":{"line":36,"column":35}},"9":{"start":{"line":37,"column":8},"end":{"line":37,"column":37}},"10":{"start":{"line":40,"column":8},"end":{"line":40,"column":32}},"11":{"start":{"line":41,"column":8},"end":{"line":41,"column":43}}},"fnMap":{"0":{"name":"(anonymous_0)","decl":{"start":{"line":10,"column":72},"end":{"line":10,"column":73}},"loc":{"start":{"line":10,"column":124},"end":{"line":24,"column":1}},"line":10},"1":{"name":"(anonymous_1)","decl":{"start":{"line":30,"column":17},"end":{"line":30,"column":18}},"loc":{"start":{"line":30,"column":30},"end":{"line":43,"column":3}},"line":30},"2":{"name":"(anonymous_2)","decl":{"start":{"line":32,"column":38},"end":{"line":32,"column":39}},"loc":{"start":{"line":32,"column":49},"end":{"line":34,"column":7}},"line":32},"3":{"name":"(anonymous_3)","decl":{"start":{"line":35,"column":40},"end":{"line":35,"column":41}},"loc":{"start":{"line":35,"column":59},"end":{"line":38,"column":7}},"line":35},"4":{"name":"(anonymous_4)","decl":{"start":{"line":39,"column":39},"end":{"line":39,"column":40}},"loc":{"start":{"line":39,"column":58},"end":{"line":42,"column":7}},"line":39}},"branchMap":{},"s":{"0":1,"1":1,"2":1,"3":1,"4":1,"5":1,"6":1,"7":1,"8":1,"9":1,"10":0,"11":0},"f":{"0":1,"1":1,"2":1,"3":1,"4":0},"b":{},"_coverageSchema":"1a1c01bbd47fc00a2c39e90264f33305004495a9","hash":"72f18ce78e66d432bf15e798bb319a4f285666d5"}
}
