TN:
SF:src/ProductPage.jsx
FN:7,(anonymous_0)
FN:9,(anonymous_1)
FN:11,(anonymous_2)
FN:20,(anonymous_3)
FN:34,(anonymous_4)
FN:36,(anonymous_5)
FNF:6
FNH:4
FNDA:2,(anonymous_0)
FNDA:4,(anonymous_1)
FNDA:2,(anonymous_2)
FNDA:1,(anonymous_3)
FNDA:0,(anonymous_4)
FNDA:0,(anonymous_5)
DA:7,1
DA:8,2
DA:9,4
DA:10,2
DA:11,2
DA:13,2
DA:14,2
DA:16,2
DA:17,0
DA:20,2
DA:21,1
DA:22,1
DA:25,2
DA:34,0
DA:36,0
LF:15
LH:12
BRDA:10,0,0,2
BRDA:10,0,1,0
BRDA:16,1,0,0
BRDA:16,1,1,2
BRDA:34,2,0,0
BRDA:34,2,1,0
BRF:6
BRH:2
end_of_record
TN:
SF:src/cartSlice.js
FN:12,(anonymous_0)
FN:13,(anonymous_1)
FN:20,(anonymous_2)
FN:21,(anonymous_3)
FN:26,(anonymous_4)
FN:27,(anonymous_5)
FN:29,(anonymous_6)
FNF:7
FNH:6
FNDA:1,(anonymous_0)
FNDA:0,(anonymous_1)
FNDA:1,(anonymous_2)
FNDA:1,(anonymous_3)
FNDA:1,(anonymous_4)
FNDA:1,(anonymous_5)
FNDA:1,(anonymous_6)
DA:4,2
DA:8,2
DA:13,1
DA:14,1
DA:15,0
DA:17,1
DA:21,1
DA:22,1
DA:23,1
DA:27,1
DA:30,1
DA:35,2
LF:12
LH:11
BRDA:14,0,0,0
BRDA:14,0,1,1
BRDA:22,1,0,1
BRDA:22,1,1,0
BRF:4
BRH:2
end_of_record
TN:
SF:src/productsSlice.js
FN:10,(anonymous_0)
FN:30,(anonymous_1)
FN:32,(anonymous_2)
FN:35,(anonymous_3)
FN:39,(anonymous_4)
FNF:5
FNH:4
FNDA:1,(anonymous_0)
FNDA:1,(anonymous_1)
FNDA:1,(anonymous_2)
FNDA:1,(anonymous_3)
FNDA:0,(anonymous_4)
DA:4,1
DA:10,1
DA:11,1
DA:22,1
DA:23,1
DA:26,1
DA:31,1
DA:33,1
DA:36,1
DA:37,1
DA:40,0
DA:41,0
LF:12
LH:10
BRF:0
BRH:0
end_of_record
